#! /c/Source/iverilog-install/bin/vvp
:ivl_version "12.0 (devel)" "(s20150603-1110-g18392a46)";
:ivl_delay_selection "TYPICAL";
:vpi_time_precision + 0;
:vpi_module "C:\iverilog\lib\ivl\system.vpi";
:vpi_module "C:\iverilog\lib\ivl\vhdl_sys.vpi";
:vpi_module "C:\iverilog\lib\ivl\vhdl_textio.vpi";
:vpi_module "C:\iverilog\lib\ivl\v2005_math.vpi";
:vpi_module "C:\iverilog\lib\ivl\va_math.vpi";
S_0000013c47c52830 .scope module, "base_reg" "base_reg" 2 1;
 .timescale 0 0;
    .port_info 0 /INPUT 6 "rs_addr_1";
    .port_info 1 /INPUT 6 "rs_addr_2";
    .port_info 2 /INPUT 1 "clk";
    .port_info 3 /INPUT 6 "rd_addr";
    .port_info 4 /INPUT 32 "rd_val";
    .port_info 5 /INPUT 1 "i_ce";
    .port_info 6 /INPUT 1 "i_wenable";
    .port_info 7 /INPUT 1 "i_renable";
    .port_info 8 /OUTPUT 32 "rs_val1";
    .port_info 9 /OUTPUT 32 "rs_val2";
v0000013c47c7bd20_0 .net *"_ivl_0", 31 0, L_0000013c47cd2120;  1 drivers
v0000013c47c7c180_0 .net *"_ivl_10", 31 0, L_0000013c47cd3480;  1 drivers
v0000013c47c7c2c0_0 .net *"_ivl_12", 6 0, L_0000013c47cd2da0;  1 drivers
L_0000013c47cdc130 .functor BUFT 1, C4<0>, C4<0>, C4<0>, C4<0>;
v0000013c47c7bc80_0 .net *"_ivl_15", 0 0, L_0000013c47cdc130;  1 drivers
L_0000013c47cdc178 .functor BUFT 1, C4<0000001>, C4<0>, C4<0>, C4<0>;
v0000013c47c7c360_0 .net/2u *"_ivl_16", 6 0, L_0000013c47cdc178;  1 drivers
v0000013c47c7c400_0 .net *"_ivl_18", 6 0, L_0000013c47cd28a0;  1 drivers
v0000013c47c7c9a0_0 .net *"_ivl_22", 31 0, L_0000013c47cd2bc0;  1 drivers
L_0000013c47cdc1c0 .functor BUFT 1, C4<000000000000000000000000000>, C4<0>, C4<0>, C4<0>;
v0000013c47c7c860_0 .net *"_ivl_25", 26 0, L_0000013c47cdc1c0;  1 drivers
L_0000013c47cdc208 .functor BUFT 1, C4<00000000000000000000000000000000>, C4<0>, C4<0>, C4<0>;
v0000013c47c7c900_0 .net/2u *"_ivl_26", 31 0, L_0000013c47cdc208;  1 drivers
v0000013c47c7c4a0_0 .net *"_ivl_28", 0 0, L_0000013c47cd2d00;  1 drivers
L_0000013c47cdc058 .functor BUFT 1, C4<000000000000000000000000000>, C4<0>, C4<0>, C4<0>;
v0000013c47c7be60_0 .net *"_ivl_3", 26 0, L_0000013c47cdc058;  1 drivers
L_0000013c47cdc250 .functor BUFT 1, C4<00000000000000000000000000000000>, C4<0>, C4<0>, C4<0>;
v0000013c47c7bdc0_0 .net/2u *"_ivl_30", 31 0, L_0000013c47cdc250;  1 drivers
v0000013c47c7ca40_0 .net *"_ivl_32", 31 0, L_0000013c47cd2940;  1 drivers
v0000013c47c7c540_0 .net *"_ivl_34", 6 0, L_0000013c47cd26c0;  1 drivers
L_0000013c47cdc298 .functor BUFT 1, C4<0>, C4<0>, C4<0>, C4<0>;
v0000013c47c7bf00_0 .net *"_ivl_37", 0 0, L_0000013c47cdc298;  1 drivers
L_0000013c47cdc2e0 .functor BUFT 1, C4<0000001>, C4<0>, C4<0>, C4<0>;
v0000013c47c7c0e0_0 .net/2u *"_ivl_38", 6 0, L_0000013c47cdc2e0;  1 drivers
L_0000013c47cdc0a0 .functor BUFT 1, C4<00000000000000000000000000000000>, C4<0>, C4<0>, C4<0>;
v0000013c47c7c220_0 .net/2u *"_ivl_4", 31 0, L_0000013c47cdc0a0;  1 drivers
v0000013c47c7bfa0_0 .net *"_ivl_40", 6 0, L_0000013c47cd3700;  1 drivers
v0000013c47c7c5e0_0 .net *"_ivl_6", 0 0, L_0000013c47cd29e0;  1 drivers
L_0000013c47cdc0e8 .functor BUFT 1, C4<00000000000000000000000000000000>, C4<0>, C4<0>, C4<0>;
v0000013c47c7c680_0 .net/2u *"_ivl_8", 31 0, L_0000013c47cdc0e8;  1 drivers
o0000013c47c87368 .functor BUFZ 1, C4<z>; HiZ drive
v0000013c47c7cb80_0 .net "clk", 0 0, o0000013c47c87368;  0 drivers
o0000013c47c87398 .functor BUFZ 1, C4<z>; HiZ drive
v0000013c47c7c720_0 .net "i_ce", 0 0, o0000013c47c87398;  0 drivers
o0000013c47c873c8 .functor BUFZ 1, C4<z>; HiZ drive
v0000013c47c7c040_0 .net "i_renable", 0 0, o0000013c47c873c8;  0 drivers
o0000013c47c873f8 .functor BUFZ 1, C4<z>; HiZ drive
v0000013c47c7c7c0_0 .net "i_wenable", 0 0, o0000013c47c873f8;  0 drivers
v0000013c47c7cae0_0 .var "o_rs_addr_1", 4 0;
v0000013c47cd2440_0 .var "o_rs_addr_2", 4 0;
o0000013c47c87488 .functor BUFZ 6, C4<zzzzzz>; HiZ drive
v0000013c47cd2b20_0 .net "rd_addr", 5 0, o0000013c47c87488;  0 drivers
o0000013c47c874b8 .functor BUFZ 32, C4<zzzzzzzzzzzzzzzzzzzzzzzzzzzzzzzz>; HiZ drive
v0000013c47cd24e0_0 .net "rd_val", 31 0, o0000013c47c874b8;  0 drivers
v0000013c47cd35c0 .array "reg_file", 1 31, 31 0;
o0000013c47c874e8 .functor BUFZ 6, C4<zzzzzz>; HiZ drive
v0000013c47cd2a80_0 .net "rs_addr_1", 5 0, o0000013c47c874e8;  0 drivers
o0000013c47c87518 .functor BUFZ 6, C4<zzzzzz>; HiZ drive
v0000013c47cd2620_0 .net "rs_addr_2", 5 0, o0000013c47c87518;  0 drivers
v0000013c47cd3160_0 .net "rs_val1", 31 0, L_0000013c47cd3660;  1 drivers
v0000013c47cd2580_0 .net "rs_val2", 31 0, L_0000013c47cd2c60;  1 drivers
E_0000013c47c3a380 .event posedge, v0000013c47c7cb80_0;
L_0000013c47cd2120 .concat [ 5 27 0 0], v0000013c47c7cae0_0, L_0000013c47cdc058;
L_0000013c47cd29e0 .cmp/eq 32, L_0000013c47cd2120, L_0000013c47cdc0a0;
L_0000013c47cd3480 .array/port v0000013c47cd35c0, L_0000013c47cd28a0;
L_0000013c47cd2da0 .concat [ 6 1 0 0], o0000013c47c874e8, L_0000013c47cdc130;
L_0000013c47cd28a0 .arith/sub 7, L_0000013c47cd2da0, L_0000013c47cdc178;
L_0000013c47cd3660 .functor MUXZ 32, L_0000013c47cd3480, L_0000013c47cdc0e8, L_0000013c47cd29e0, C4<>;
L_0000013c47cd2bc0 .concat [ 5 27 0 0], v0000013c47cd2440_0, L_0000013c47cdc1c0;
L_0000013c47cd2d00 .cmp/eq 32, L_0000013c47cd2bc0, L_0000013c47cdc208;
L_0000013c47cd2940 .array/port v0000013c47cd35c0, L_0000013c47cd3700;
L_0000013c47cd26c0 .concat [ 6 1 0 0], o0000013c47c87518, L_0000013c47cdc298;
L_0000013c47cd3700 .arith/sub 7, L_0000013c47cd26c0, L_0000013c47cdc2e0;
L_0000013c47cd2c60 .functor MUXZ 32, L_0000013c47cd2940, L_0000013c47cdc250, L_0000013c47cd2d00, C4<>;
    .scope S_0000013c47c52830;
T_0 ;
    %wait E_0000013c47c3a380;
    %load/vec4 v0000013c47cd2b20_0;
    %pushi/vec4 0, 0, 6;
    %cmp/ne;
    %flag_get/vec4 4;
    %load/vec4 v0000013c47c7c7c0_0;
    %and;
    %flag_set/vec4 8;
    %jmp/0xz  T_0.0, 8;
    %load/vec4 v0000013c47cd24e0_0;
    %load/vec4 v0000013c47cd2b20_0;
    %pad/u 7;
    %subi 1, 0, 7;
    %ix/vec4 3;
    %ix/load 4, 0, 0; Constant delay
    %assign/vec4/a/d v0000013c47cd35c0, 0, 4;
T_0.0 ;
    %load/vec4 v0000013c47c7c040_0;
    %flag_set/vec4 8;
    %jmp/0xz  T_0.2, 8;
    %load/vec4 v0000013c47cd2a80_0;
    %pad/u 5;
    %assign/vec4 v0000013c47c7cae0_0, 0;
    %load/vec4 v0000013c47cd2620_0;
    %pad/u 5;
    %assign/vec4 v0000013c47cd2440_0, 0;
T_0.2 ;
    %jmp T_0;
    .thread T_0;
# The file index is used to find the file name in the following table.
:file_names 3;
    "N/A";
    "<interactive>";
    "base_reg.v";
