#! /c/Source/iverilog-install/bin/vvp
:ivl_version "12.0 (devel)" "(s20150603-1110-g18392a46)";
:ivl_delay_selection "TYPICAL";
:vpi_time_precision + 0;
:vpi_module "C:\iverilog\lib\ivl\system.vpi";
:vpi_module "C:\iverilog\lib\ivl\vhdl_sys.vpi";
:vpi_module "C:\iverilog\lib\ivl\vhdl_textio.vpi";
:vpi_module "C:\iverilog\lib\ivl\v2005_math.vpi";
:vpi_module "C:\iverilog\lib\ivl\va_math.vpi";
S_0000020812072760 .scope module, "decode_it" "decode_it" 2 2;
 .timescale 0 0;
    .port_info 0 /INPUT 1 "clk";
    .port_info 1 /INPUT 1 "reset";
    .port_info 2 /INPUT 32 "i_inst";
    .port_info 3 /INPUT 1 "i_pc";
    .port_info 4 /OUTPUT 1 "o_pc";
    .port_info 5 /OUTPUT 1 "o_rs1_addr";
    .port_info 6 /OUTPUT 1 "o_rs1_addr_d";
    .port_info 7 /OUTPUT 1 "o_rs2_addr";
    .port_info 8 /OUTPUT 1 "o_rs2_addr_d";
    .port_info 9 /OUTPUT 1 "o_rd_addr";
    .port_info 10 /OUTPUT 14 "o_alu";
    .port_info 11 /OUTPUT 3 "func_3";
    .port_info 12 /OUTPUT 11 "o_opcode";
    .port_info 13 /INPUT 1 "i_ce";
    .port_info 14 /OUTPUT 1 "o_ce";
    .port_info 15 /OUTPUT 32 "o_imm_d";
    .port_info 16 /INPUT 1 "i_stall";
    .port_info 17 /INPUT 1 "i_flush";
    .port_info 18 /OUTPUT 1 "o_stall";
    .port_info 19 /OUTPUT 1 "o_flush";
o00000208120c9508 .functor BUFZ 1, C4<z>; HiZ drive
L_00000208120ab7e0 .functor BUFZ 1, o00000208120c9508, C4<0>, C4<0>, C4<0>;
v0000020812072e30_0 .net *"_ivl_1", 2 0, L_0000020812122210;  1 drivers
v00000208121209e0_0 .net *"_ivl_13", 4 0, L_00000208121213b0;  1 drivers
v0000020812120c60_0 .net *"_ivl_5", 6 0, L_0000020812122710;  1 drivers
v0000020812120e40_0 .net *"_ivl_9", 4 0, L_0000020812121bd0;  1 drivers
v0000020812120ee0_0 .var "alu_add_d", 0 0;
v0000020812120760_0 .var "alu_and_d", 0 0;
v00000208121203a0_0 .var "alu_beq_d", 0 0;
v0000020812120440_0 .var "alu_bge_d", 0 0;
v0000020812120260_0 .var "alu_bgeu_d", 0 0;
v00000208121201c0_0 .var "alu_bneq_d", 0 0;
v0000020812120a80_0 .var "alu_or_d", 0 0;
v0000020812120d00_0 .var "alu_sll_d", 0 0;
v0000020812120f80_0 .var "alu_slt_d", 0 0;
v00000208121204e0_0 .var "alu_sltu_d", 0 0;
v0000020812120580_0 .var "alu_sra_d", 0 0;
v0000020812120b20_0 .var "alu_srl_d", 0 0;
v0000020812120620_0 .var "alu_sub_d", 0 0;
v00000208121206c0_0 .var "alu_xor_d", 0 0;
v0000020812120800_0 .var "auipc_type_d", 0 0;
v00000208121208a0_0 .var "branch_type_d", 0 0;
o00000208120c9358 .functor BUFZ 1, C4<z>; HiZ drive
v0000020812120da0_0 .net "clk", 0 0, o00000208120c9358;  0 drivers
v0000020812120940_0 .var "fence_type_d", 0 0;
v0000020812120bc0_0 .var "func_3", 2 0;
v0000020812120080_0 .net "func_3_d", 0 0, L_0000020812121270;  1 drivers
o00000208120c9418 .functor BUFZ 1, C4<z>; HiZ drive
v0000020812120120_0 .net "i_ce", 0 0, o00000208120c9418;  0 drivers
o00000208120c9448 .functor BUFZ 1, C4<z>; HiZ drive
v0000020812120300_0 .net "i_flush", 0 0, o00000208120c9448;  0 drivers
v00000208121228f0_0 .var "i_imm_d", 31 0;
o00000208120c94a8 .functor BUFZ 32, C4<zzzzzzzzzzzzzzzzzzzzzzzzzzzzzzzz>; HiZ drive
v0000020812122030_0 .net "i_inst", 31 0, o00000208120c94a8;  0 drivers
o00000208120c94d8 .functor BUFZ 1, C4<z>; HiZ drive
v0000020812122990_0 .net "i_pc", 0 0, o00000208120c94d8;  0 drivers
v00000208121211d0_0 .net "i_stall", 0 0, o00000208120c9508;  0 drivers
v0000020812122f30_0 .var "i_type_d", 0 0;
v0000020812121e50_0 .var "jal_type_d", 0 0;
v00000208121222b0_0 .var "jalr_type_d", 0 0;
v0000020812121ef0_0 .var "l_type_d", 0 0;
v0000020812122530_0 .var "lui_type_d", 0 0;
v00000208121220d0_0 .var "o_alu", 13 0;
v0000020812122350_0 .var "o_ce", 0 0;
v0000020812121c70_0 .var "o_flush", 0 0;
v0000020812121f90_0 .var "o_imm_d", 31 0;
v00000208121218b0_0 .var "o_opcode", 10 0;
v00000208121219f0_0 .var "o_pc", 0 0;
v0000020812121770_0 .var "o_rd_addr", 0 0;
v0000020812121950_0 .net "o_rs1_addr", 0 0, L_0000020812121d10;  1 drivers
v0000020812122c10_0 .var "o_rs1_addr_d", 0 0;
v00000208121227b0_0 .net "o_rs2_addr", 0 0, L_0000020812122170;  1 drivers
v0000020812121450_0 .var "o_rs2_addr_d", 0 0;
v0000020812121b30_0 .var "o_stall", 0 0;
v00000208121225d0_0 .net "opcode", 0 0, L_0000020812121310;  1 drivers
v0000020812122670_0 .var "r_type_d", 0 0;
o00000208120c98c8 .functor BUFZ 1, C4<z>; HiZ drive
v0000020812121090_0 .net "reset", 0 0, o00000208120c98c8;  0 drivers
v0000020812121130_0 .var "s_type_d", 0 0;
v0000020812121a90_0 .net "stall_bit", 0 0, L_00000208120ab7e0;  1 drivers
v0000020812121810_0 .var "sys_type_d", 0 0;
E_00000208120c5a40 .event posedge, v0000020812121090_0, v0000020812120da0_0;
E_00000208120c5380/0 .event anyedge, v00000208121211d0_0, v0000020812120300_0, v00000208121225d0_0, v0000020812120080_0;
E_00000208120c5380/1 .event anyedge, v0000020812122030_0, v0000020812120b20_0;
E_00000208120c5380 .event/or E_00000208120c5380/0, E_00000208120c5380/1;
L_0000020812122210 .part o00000208120c94a8, 12, 3;
L_0000020812121270 .part L_0000020812122210, 0, 1;
L_0000020812122710 .part o00000208120c94a8, 0, 7;
L_0000020812121310 .part L_0000020812122710, 0, 1;
L_0000020812121bd0 .part o00000208120c94a8, 15, 5;
L_0000020812121d10 .part L_0000020812121bd0, 0, 1;
L_00000208121213b0 .part o00000208120c94a8, 20, 5;
L_0000020812122170 .part L_00000208121213b0, 0, 1;
    .scope S_0000020812072760;
T_0 ;
    %wait E_00000208120c5380;
    %load/vec4 v00000208121211d0_0;
    %store/vec4 v0000020812121b30_0, 0, 1;
    %load/vec4 v0000020812120300_0;
    %store/vec4 v0000020812121c70_0, 0, 1;
    %pushi/vec4 0, 0, 1;
    %store/vec4 v0000020812120ee0_0, 0, 1;
    %pushi/vec4 0, 0, 1;
    %store/vec4 v0000020812120620_0, 0, 1;
    %pushi/vec4 0, 0, 1;
    %store/vec4 v0000020812120d00_0, 0, 1;
    %pushi/vec4 0, 0, 1;
    %store/vec4 v0000020812120b20_0, 0, 1;
    %pushi/vec4 0, 0, 1;
    %store/vec4 v0000020812120580_0, 0, 1;
    %pushi/vec4 0, 0, 1;
    %store/vec4 v0000020812120f80_0, 0, 1;
    %pushi/vec4 0, 0, 1;
    %store/vec4 v0000020812120760_0, 0, 1;
    %pushi/vec4 0, 0, 1;
    %store/vec4 v00000208121206c0_0, 0, 1;
    %pushi/vec4 0, 0, 1;
    %store/vec4 v0000020812120a80_0, 0, 1;
    %pushi/vec4 0, 0, 1;
    %store/vec4 v00000208121204e0_0, 0, 1;
    %pushi/vec4 0, 0, 1;
    %store/vec4 v00000208121203a0_0, 0, 1;
    %pushi/vec4 0, 0, 1;
    %store/vec4 v00000208121201c0_0, 0, 1;
    %pushi/vec4 0, 0, 1;
    %store/vec4 v0000020812120440_0, 0, 1;
    %pushi/vec4 0, 0, 1;
    %store/vec4 v0000020812120260_0, 0, 1;
    %load/vec4 v00000208121225d0_0;
    %pad/u 7;
    %pushi/vec4 15, 0, 7;
    %cmp/e;
    %flag_get/vec4 4;
    %store/vec4 v0000020812122670_0, 0, 1;
    %load/vec4 v00000208121225d0_0;
    %pad/u 7;
    %pushi/vec4 19, 0, 7;
    %cmp/e;
    %flag_get/vec4 4;
    %store/vec4 v0000020812122f30_0, 0, 1;
    %load/vec4 v00000208121225d0_0;
    %pad/u 7;
    %pushi/vec4 99, 0, 7;
    %cmp/e;
    %flag_get/vec4 4;
    %store/vec4 v00000208121208a0_0, 0, 1;
    %load/vec4 v00000208121225d0_0;
    %pad/u 7;
    %pushi/vec4 3, 0, 7;
    %cmp/e;
    %flag_get/vec4 4;
    %store/vec4 v0000020812121ef0_0, 0, 1;
    %load/vec4 v00000208121225d0_0;
    %pad/u 7;
    %pushi/vec4 35, 0, 7;
    %cmp/e;
    %flag_get/vec4 4;
    %store/vec4 v0000020812121130_0, 0, 1;
    %load/vec4 v00000208121225d0_0;
    %pad/u 7;
    %pushi/vec4 111, 0, 7;
    %cmp/e;
    %flag_get/vec4 4;
    %store/vec4 v0000020812121e50_0, 0, 1;
    %load/vec4 v00000208121225d0_0;
    %pad/u 7;
    %pushi/vec4 103, 0, 7;
    %cmp/e;
    %flag_get/vec4 4;
    %store/vec4 v00000208121222b0_0, 0, 1;
    %load/vec4 v00000208121225d0_0;
    %pad/u 7;
    %pushi/vec4 55, 0, 7;
    %cmp/e;
    %flag_get/vec4 4;
    %store/vec4 v0000020812122530_0, 0, 1;
    %load/vec4 v00000208121225d0_0;
    %pad/u 7;
    %pushi/vec4 23, 0, 7;
    %cmp/e;
    %flag_get/vec4 4;
    %store/vec4 v0000020812120800_0, 0, 1;
    %load/vec4 v00000208121225d0_0;
    %pad/u 7;
    %pushi/vec4 51, 0, 7;
    %cmp/e;
    %flag_get/vec4 4;
    %store/vec4 v0000020812121810_0, 0, 1;
    %load/vec4 v00000208121225d0_0;
    %pad/u 7;
    %pushi/vec4 15, 0, 7;
    %cmp/e;
    %flag_get/vec4 4;
    %store/vec4 v0000020812120940_0, 0, 1;
    %load/vec4 v00000208121225d0_0;
    %pad/u 7;
    %cmpi/e 15, 0, 7;
    %flag_mov 8, 4;
    %load/vec4 v00000208121225d0_0;
    %pad/u 7;
    %cmpi/e 19, 0, 7;
    %flag_or 4, 8;
    %jmp/0xz  T_0.0, 4;
    %load/vec4 v00000208121225d0_0;
    %pad/u 7;
    %cmpi/e 15, 0, 7;
    %jmp/0xz  T_0.2, 4;
    %load/vec4 v0000020812120080_0;
    %pad/u 3;
    %pushi/vec4 0, 0, 3;
    %cmp/e;
    %flag_get/vec4 4;
    %load/vec4 v0000020812122030_0;
    %parti/s 1, 30, 6;
    %nor/r;
    %and;
    %flag_set/vec4 8;
    %jmp/0 T_0.4, 8;
    %pushi/vec4 1, 0, 2;
    %jmp/1 T_0.5, 8;
T_0.4 ; End of true expr.
    %pushi/vec4 0, 0, 2;
    %jmp/0 T_0.5, 8;
 ; End of false expr.
    %blend;
T_0.5;
    %pad/s 1;
    %store/vec4 v0000020812120ee0_0, 0, 1;
    %load/vec4 v0000020812120080_0;
    %pad/u 3;
    %pushi/vec4 0, 0, 3;
    %cmp/e;
    %flag_get/vec4 4;
    %load/vec4 v0000020812122030_0;
    %parti/s 1, 30, 6;
    %and;
    %store/vec4 v0000020812120620_0, 0, 1;
    %jmp T_0.3;
T_0.2 ;
    %load/vec4 v0000020812120080_0;
    %pad/u 3;
    %pushi/vec4 0, 0, 3;
    %cmp/e;
    %flag_get/vec4 4;
    %store/vec4 v0000020812120ee0_0, 0, 1;
T_0.3 ;
    %load/vec4 v0000020812120080_0;
    %pad/u 3;
    %cmpi/e 1, 0, 3;
    %flag_mov 8, 4;
    %jmp/0 T_0.6, 8;
    %pushi/vec4 1, 0, 2;
    %jmp/1 T_0.7, 8;
T_0.6 ; End of true expr.
    %pushi/vec4 0, 0, 2;
    %jmp/0 T_0.7, 8;
 ; End of false expr.
    %blend;
T_0.7;
    %pad/s 1;
    %store/vec4 v0000020812120d00_0, 0, 1;
    %load/vec4 v0000020812120080_0;
    %pad/u 3;
    %pushi/vec4 5, 0, 3;
    %cmp/e;
    %flag_get/vec4 4;
    %load/vec4 v0000020812122030_0;
    %parti/s 1, 30, 6;
    %and;
    %flag_set/vec4 8;
    %jmp/0 T_0.8, 8;
    %pushi/vec4 1, 0, 2;
    %jmp/1 T_0.9, 8;
T_0.8 ; End of true expr.
    %pushi/vec4 0, 0, 2;
    %jmp/0 T_0.9, 8;
 ; End of false expr.
    %blend;
T_0.9;
    %pad/s 1;
    %store/vec4 v0000020812120b20_0, 0, 1;
    %load/vec4 v0000020812120080_0;
    %pad/u 3;
    %pushi/vec4 5, 0, 3;
    %cmp/e;
    %flag_get/vec4 4;
    %load/vec4 v0000020812120b20_0;
    %nor/r;
    %and;
    %store/vec4 v0000020812120580_0, 0, 1;
    %load/vec4 v0000020812120080_0;
    %pad/u 3;
    %cmpi/e 4, 0, 3;
    %flag_mov 8, 4;
    %jmp/0 T_0.10, 8;
    %pushi/vec4 1, 0, 2;
    %jmp/1 T_0.11, 8;
T_0.10 ; End of true expr.
    %pushi/vec4 0, 0, 2;
    %jmp/0 T_0.11, 8;
 ; End of false expr.
    %blend;
T_0.11;
    %pad/s 1;
    %store/vec4 v0000020812120f80_0, 0, 1;
    %load/vec4 v0000020812120080_0;
    %pad/u 3;
    %cmpi/e 7, 0, 3;
    %flag_mov 8, 4;
    %jmp/0 T_0.12, 8;
    %pushi/vec4 1, 0, 2;
    %jmp/1 T_0.13, 8;
T_0.12 ; End of true expr.
    %pushi/vec4 0, 0, 2;
    %jmp/0 T_0.13, 8;
 ; End of false expr.
    %blend;
T_0.13;
    %pad/s 1;
    %store/vec4 v0000020812120760_0, 0, 1;
    %load/vec4 v0000020812120080_0;
    %pad/u 3;
    %cmpi/e 4, 0, 3;
    %flag_mov 8, 4;
    %jmp/0 T_0.14, 8;
    %pushi/vec4 1, 0, 2;
    %jmp/1 T_0.15, 8;
T_0.14 ; End of true expr.
    %pushi/vec4 0, 0, 2;
    %jmp/0 T_0.15, 8;
 ; End of false expr.
    %blend;
T_0.15;
    %pad/s 1;
    %store/vec4 v00000208121206c0_0, 0, 1;
    %load/vec4 v0000020812120080_0;
    %pad/u 3;
    %cmpi/e 6, 0, 3;
    %flag_mov 8, 4;
    %jmp/0 T_0.16, 8;
    %pushi/vec4 1, 0, 2;
    %jmp/1 T_0.17, 8;
T_0.16 ; End of true expr.
    %pushi/vec4 0, 0, 2;
    %jmp/0 T_0.17, 8;
 ; End of false expr.
    %blend;
T_0.17;
    %pad/s 1;
    %store/vec4 v0000020812120a80_0, 0, 1;
    %load/vec4 v0000020812120080_0;
    %pad/u 3;
    %cmpi/e 6, 0, 3;
    %flag_mov 8, 4;
    %jmp/0 T_0.18, 8;
    %pushi/vec4 1, 0, 2;
    %jmp/1 T_0.19, 8;
T_0.18 ; End of true expr.
    %pushi/vec4 0, 0, 2;
    %jmp/0 T_0.19, 8;
 ; End of false expr.
    %blend;
T_0.19;
    %pad/s 1;
    %store/vec4 v00000208121204e0_0, 0, 1;
    %load/vec4 v0000020812120080_0;
    %pad/u 3;
    %cmpi/e 0, 0, 3;
    %flag_mov 8, 4;
    %jmp/0 T_0.20, 8;
    %pushi/vec4 1, 0, 2;
    %jmp/1 T_0.21, 8;
T_0.20 ; End of true expr.
    %pushi/vec4 0, 0, 2;
    %jmp/0 T_0.21, 8;
 ; End of false expr.
    %blend;
T_0.21;
    %pad/s 1;
    %store/vec4 v00000208121203a0_0, 0, 1;
    %load/vec4 v0000020812120080_0;
    %pad/u 3;
    %cmpi/e 1, 0, 3;
    %flag_mov 8, 4;
    %jmp/0 T_0.22, 8;
    %pushi/vec4 1, 0, 2;
    %jmp/1 T_0.23, 8;
T_0.22 ; End of true expr.
    %pushi/vec4 0, 0, 2;
    %jmp/0 T_0.23, 8;
 ; End of false expr.
    %blend;
T_0.23;
    %pad/s 1;
    %store/vec4 v00000208121201c0_0, 0, 1;
    %load/vec4 v0000020812120080_0;
    %pad/u 3;
    %cmpi/e 5, 0, 3;
    %flag_mov 8, 4;
    %jmp/0 T_0.24, 8;
    %pushi/vec4 1, 0, 2;
    %jmp/1 T_0.25, 8;
T_0.24 ; End of true expr.
    %pushi/vec4 0, 0, 2;
    %jmp/0 T_0.25, 8;
 ; End of false expr.
    %blend;
T_0.25;
    %pad/s 1;
    %store/vec4 v0000020812120440_0, 0, 1;
    %load/vec4 v0000020812120080_0;
    %pad/u 3;
    %cmpi/e 7, 0, 3;
    %flag_mov 8, 4;
    %jmp/0 T_0.26, 8;
    %pushi/vec4 1, 0, 2;
    %jmp/1 T_0.27, 8;
T_0.26 ; End of true expr.
    %pushi/vec4 0, 0, 2;
    %jmp/0 T_0.27, 8;
 ; End of false expr.
    %blend;
T_0.27;
    %pad/s 1;
    %store/vec4 v0000020812120260_0, 0, 1;
    %jmp T_0.1;
T_0.0 ;
    %load/vec4 v00000208121225d0_0;
    %pad/u 7;
    %cmpi/e 99, 0, 7;
    %jmp/0xz  T_0.28, 4;
    %load/vec4 v0000020812120080_0;
    %pad/u 3;
    %cmpi/e 4, 0, 3;
    %flag_mov 8, 4;
    %jmp/0 T_0.30, 8;
    %pushi/vec4 1, 0, 2;
    %jmp/1 T_0.31, 8;
T_0.30 ; End of true expr.
    %pushi/vec4 0, 0, 2;
    %jmp/0 T_0.31, 8;
 ; End of false expr.
    %blend;
T_0.31;
    %pad/s 1;
    %store/vec4 v0000020812120f80_0, 0, 1;
    %load/vec4 v0000020812120080_0;
    %pad/u 3;
    %cmpi/e 6, 0, 3;
    %flag_mov 8, 4;
    %jmp/0 T_0.32, 8;
    %pushi/vec4 1, 0, 2;
    %jmp/1 T_0.33, 8;
T_0.32 ; End of true expr.
    %pushi/vec4 0, 0, 2;
    %jmp/0 T_0.33, 8;
 ; End of false expr.
    %blend;
T_0.33;
    %pad/s 1;
    %store/vec4 v00000208121204e0_0, 0, 1;
    %load/vec4 v0000020812120080_0;
    %pad/u 3;
    %cmpi/e 0, 0, 3;
    %flag_mov 8, 4;
    %jmp/0 T_0.34, 8;
    %pushi/vec4 1, 0, 2;
    %jmp/1 T_0.35, 8;
T_0.34 ; End of true expr.
    %pushi/vec4 0, 0, 2;
    %jmp/0 T_0.35, 8;
 ; End of false expr.
    %blend;
T_0.35;
    %pad/s 1;
    %store/vec4 v00000208121203a0_0, 0, 1;
    %load/vec4 v0000020812120080_0;
    %pad/u 3;
    %cmpi/e 1, 0, 3;
    %flag_mov 8, 4;
    %jmp/0 T_0.36, 8;
    %pushi/vec4 1, 0, 2;
    %jmp/1 T_0.37, 8;
T_0.36 ; End of true expr.
    %pushi/vec4 0, 0, 2;
    %jmp/0 T_0.37, 8;
 ; End of false expr.
    %blend;
T_0.37;
    %pad/s 1;
    %store/vec4 v00000208121201c0_0, 0, 1;
    %load/vec4 v0000020812120080_0;
    %pad/u 3;
    %cmpi/e 5, 0, 3;
    %flag_mov 8, 4;
    %jmp/0 T_0.38, 8;
    %pushi/vec4 1, 0, 2;
    %jmp/1 T_0.39, 8;
T_0.38 ; End of true expr.
    %pushi/vec4 0, 0, 2;
    %jmp/0 T_0.39, 8;
 ; End of false expr.
    %blend;
T_0.39;
    %pad/s 1;
    %store/vec4 v0000020812120440_0, 0, 1;
    %load/vec4 v0000020812120080_0;
    %pad/u 3;
    %cmpi/e 7, 0, 3;
    %flag_mov 8, 4;
    %jmp/0 T_0.40, 8;
    %pushi/vec4 1, 0, 2;
    %jmp/1 T_0.41, 8;
T_0.40 ; End of true expr.
    %pushi/vec4 0, 0, 2;
    %jmp/0 T_0.41, 8;
 ; End of false expr.
    %blend;
T_0.41;
    %pad/s 1;
    %store/vec4 v0000020812120260_0, 0, 1;
    %jmp T_0.29;
T_0.28 ;
    %pushi/vec4 1, 0, 1;
    %store/vec4 v0000020812120ee0_0, 0, 1;
T_0.29 ;
T_0.1 ;
    %load/vec4 v00000208121225d0_0;
    %pad/u 7;
    %dup/vec4;
    %pushi/vec4 19, 0, 7;
    %cmp/u;
    %jmp/1 T_0.42, 6;
    %dup/vec4;
    %pushi/vec4 3, 0, 7;
    %cmp/u;
    %jmp/1 T_0.43, 6;
    %dup/vec4;
    %pushi/vec4 103, 0, 7;
    %cmp/u;
    %jmp/1 T_0.44, 6;
    %dup/vec4;
    %pushi/vec4 35, 0, 7;
    %cmp/u;
    %jmp/1 T_0.45, 6;
    %dup/vec4;
    %pushi/vec4 99, 0, 7;
    %cmp/u;
    %jmp/1 T_0.46, 6;
    %dup/vec4;
    %pushi/vec4 111, 0, 7;
    %cmp/u;
    %jmp/1 T_0.47, 6;
    %dup/vec4;
    %pushi/vec4 55, 0, 7;
    %cmp/u;
    %jmp/1 T_0.48, 6;
    %dup/vec4;
    %pushi/vec4 23, 0, 7;
    %cmp/u;
    %jmp/1 T_0.49, 6;
    %dup/vec4;
    %pushi/vec4 35, 0, 7;
    %cmp/u;
    %jmp/1 T_0.50, 6;
    %dup/vec4;
    %pushi/vec4 51, 0, 7;
    %cmp/u;
    %jmp/1 T_0.51, 6;
    %pushi/vec4 0, 0, 32;
    %store/vec4 v00000208121228f0_0, 0, 32;
    %jmp T_0.53;
T_0.42 ;
    %load/vec4 v0000020812122030_0;
    %parti/s 1, 31, 6;
    %replicate 20;
    %load/vec4 v0000020812122030_0;
    %parti/s 12, 20, 6;
    %concat/vec4; draw_concat_vec4
    %store/vec4 v00000208121228f0_0, 0, 32;
    %jmp T_0.53;
T_0.43 ;
    %load/vec4 v0000020812122030_0;
    %parti/s 1, 31, 6;
    %replicate 20;
    %load/vec4 v0000020812122030_0;
    %parti/s 12, 20, 6;
    %concat/vec4; draw_concat_vec4
    %store/vec4 v00000208121228f0_0, 0, 32;
    %jmp T_0.53;
T_0.44 ;
    %load/vec4 v0000020812122030_0;
    %parti/s 1, 31, 6;
    %replicate 20;
    %load/vec4 v0000020812122030_0;
    %parti/s 12, 20, 6;
    %concat/vec4; draw_concat_vec4
    %store/vec4 v00000208121228f0_0, 0, 32;
    %jmp T_0.53;
T_0.45 ;
    %load/vec4 v0000020812122030_0;
    %parti/s 1, 31, 6;
    %replicate 21;
    %load/vec4 v0000020812122030_0;
    %parti/s 6, 25, 6;
    %concat/vec4; draw_concat_vec4
    %load/vec4 v0000020812122030_0;
    %parti/s 5, 7, 4;
    %concat/vec4; draw_concat_vec4
    %store/vec4 v00000208121228f0_0, 0, 32;
    %jmp T_0.53;
T_0.46 ;
    %load/vec4 v0000020812122030_0;
    %parti/s 1, 31, 6;
    %replicate 20;
    %load/vec4 v0000020812122030_0;
    %parti/s 1, 7, 4;
    %concat/vec4; draw_concat_vec4
    %load/vec4 v0000020812122030_0;
    %parti/s 6, 25, 6;
    %concat/vec4; draw_concat_vec4
    %load/vec4 v0000020812122030_0;
    %parti/s 4, 8, 5;
    %concat/vec4; draw_concat_vec4
    %concati/vec4 0, 0, 1;
    %store/vec4 v00000208121228f0_0, 0, 32;
    %jmp T_0.53;
T_0.47 ;
    %load/vec4 v0000020812122030_0;
    %parti/s 1, 31, 6;
    %replicate 12;
    %load/vec4 v0000020812122030_0;
    %parti/s 8, 12, 5;
    %concat/vec4; draw_concat_vec4
    %load/vec4 v0000020812122030_0;
    %parti/s 1, 20, 6;
    %concat/vec4; draw_concat_vec4
    %load/vec4 v0000020812122030_0;
    %parti/s 10, 21, 6;
    %concat/vec4; draw_concat_vec4
    %concati/vec4 0, 0, 1;
    %store/vec4 v00000208121228f0_0, 0, 32;
    %jmp T_0.53;
T_0.48 ;
    %load/vec4 v0000020812122030_0;
    %parti/s 20, 12, 5;
    %concati/vec4 0, 0, 12;
    %store/vec4 v00000208121228f0_0, 0, 32;
    %jmp T_0.53;
T_0.49 ;
    %load/vec4 v0000020812122030_0;
    %parti/s 20, 12, 5;
    %concati/vec4 0, 0, 12;
    %store/vec4 v00000208121228f0_0, 0, 32;
    %jmp T_0.53;
T_0.50 ;
    %pushi/vec4 0, 0, 20;
    %load/vec4 v0000020812122030_0;
    %parti/s 12, 20, 6;
    %concat/vec4; draw_concat_vec4
    %store/vec4 v00000208121228f0_0, 0, 32;
    %jmp T_0.53;
T_0.51 ;
    %pushi/vec4 0, 0, 20;
    %load/vec4 v0000020812122030_0;
    %parti/s 12, 20, 6;
    %concat/vec4; draw_concat_vec4
    %store/vec4 v00000208121228f0_0, 0, 32;
    %jmp T_0.53;
T_0.53 ;
    %pop/vec4 1;
    %jmp T_0;
    .thread T_0, $push;
    .scope S_0000020812072760;
T_1 ;
    %wait E_00000208120c5a40;
    %load/vec4 v0000020812121090_0;
    %flag_set/vec4 8;
    %jmp/0xz  T_1.0, 8;
    %pushi/vec4 0, 0, 1;
    %assign/vec4 v0000020812122350_0, 0;
    %jmp T_1.1;
T_1.0 ;
    %load/vec4 v0000020812120120_0;
    %load/vec4 v0000020812121a90_0;
    %nor/r;
    %and;
    %flag_set/vec4 8;
    %jmp/0xz  T_1.2, 8;
    %pushi/vec4 1, 0, 1;
    %assign/vec4 v0000020812122350_0, 0;
    %load/vec4 v0000020812122990_0;
    %assign/vec4 v00000208121219f0_0, 0;
    %load/vec4 v0000020812121950_0;
    %assign/vec4 v0000020812122c10_0, 0;
    %load/vec4 v00000208121227b0_0;
    %assign/vec4 v0000020812121450_0, 0;
    %load/vec4 v0000020812122030_0;
    %parti/s 5, 7, 4;
    %pad/u 1;
    %assign/vec4 v0000020812121770_0, 0;
    %load/vec4 v00000208121228f0_0;
    %assign/vec4 v0000020812121f90_0, 0;
    %load/vec4 v0000020812120ee0_0;
    %ix/load 4, 0, 0;
    %ix/load 5, 0, 0;
    %flag_set/imm 4, 0;
    %assign/vec4/off/d v00000208121220d0_0, 4, 5;
    %load/vec4 v0000020812120620_0;
    %ix/load 4, 1, 0;
    %ix/load 5, 0, 0;
    %flag_set/imm 4, 0;
    %assign/vec4/off/d v00000208121220d0_0, 4, 5;
    %load/vec4 v0000020812120d00_0;
    %ix/load 4, 2, 0;
    %ix/load 5, 0, 0;
    %flag_set/imm 4, 0;
    %assign/vec4/off/d v00000208121220d0_0, 4, 5;
    %load/vec4 v0000020812120b20_0;
    %ix/load 4, 3, 0;
    %ix/load 5, 0, 0;
    %flag_set/imm 4, 0;
    %assign/vec4/off/d v00000208121220d0_0, 4, 5;
    %load/vec4 v0000020812120f80_0;
    %ix/load 4, 4, 0;
    %ix/load 5, 0, 0;
    %flag_set/imm 4, 0;
    %assign/vec4/off/d v00000208121220d0_0, 4, 5;
    %load/vec4 v0000020812120760_0;
    %ix/load 4, 5, 0;
    %ix/load 5, 0, 0;
    %flag_set/imm 4, 0;
    %assign/vec4/off/d v00000208121220d0_0, 4, 5;
    %load/vec4 v00000208121206c0_0;
    %ix/load 4, 6, 0;
    %ix/load 5, 0, 0;
    %flag_set/imm 4, 0;
    %assign/vec4/off/d v00000208121220d0_0, 4, 5;
    %load/vec4 v0000020812120a80_0;
    %ix/load 4, 7, 0;
    %ix/load 5, 0, 0;
    %flag_set/imm 4, 0;
    %assign/vec4/off/d v00000208121220d0_0, 4, 5;
    %load/vec4 v00000208121204e0_0;
    %ix/load 4, 4, 0;
    %ix/load 5, 0, 0;
    %flag_set/imm 4, 0;
    %assign/vec4/off/d v00000208121220d0_0, 4, 5;
    %load/vec4 v00000208121203a0_0;
    %ix/load 4, 9, 0;
    %ix/load 5, 0, 0;
    %flag_set/imm 4, 0;
    %assign/vec4/off/d v00000208121220d0_0, 4, 5;
    %load/vec4 v00000208121201c0_0;
    %ix/load 4, 10, 0;
    %ix/load 5, 0, 0;
    %flag_set/imm 4, 0;
    %assign/vec4/off/d v00000208121220d0_0, 4, 5;
    %load/vec4 v0000020812120440_0;
    %ix/load 4, 11, 0;
    %ix/load 5, 0, 0;
    %flag_set/imm 4, 0;
    %assign/vec4/off/d v00000208121220d0_0, 4, 5;
    %load/vec4 v0000020812120580_0;
    %ix/load 4, 12, 0;
    %ix/load 5, 0, 0;
    %flag_set/imm 4, 0;
    %assign/vec4/off/d v00000208121220d0_0, 4, 5;
    %load/vec4 v0000020812120260_0;
    %ix/load 4, 13, 0;
    %ix/load 5, 0, 0;
    %flag_set/imm 4, 0;
    %assign/vec4/off/d v00000208121220d0_0, 4, 5;
    %load/vec4 v0000020812122670_0;
    %ix/load 4, 0, 0;
    %ix/load 5, 0, 0;
    %flag_set/imm 4, 0;
    %assign/vec4/off/d v00000208121218b0_0, 4, 5;
    %load/vec4 v0000020812122f30_0;
    %ix/load 4, 1, 0;
    %ix/load 5, 0, 0;
    %flag_set/imm 4, 0;
    %assign/vec4/off/d v00000208121218b0_0, 4, 5;
    %load/vec4 v00000208121208a0_0;
    %ix/load 4, 2, 0;
    %ix/load 5, 0, 0;
    %flag_set/imm 4, 0;
    %assign/vec4/off/d v00000208121218b0_0, 4, 5;
    %load/vec4 v0000020812121ef0_0;
    %ix/load 4, 3, 0;
    %ix/load 5, 0, 0;
    %flag_set/imm 4, 0;
    %assign/vec4/off/d v00000208121218b0_0, 4, 5;
    %load/vec4 v0000020812121130_0;
    %ix/load 4, 4, 0;
    %ix/load 5, 0, 0;
    %flag_set/imm 4, 0;
    %assign/vec4/off/d v00000208121218b0_0, 4, 5;
    %load/vec4 v0000020812121e50_0;
    %ix/load 4, 5, 0;
    %ix/load 5, 0, 0;
    %flag_set/imm 4, 0;
    %assign/vec4/off/d v00000208121218b0_0, 4, 5;
    %load/vec4 v00000208121222b0_0;
    %ix/load 4, 6, 0;
    %ix/load 5, 0, 0;
    %flag_set/imm 4, 0;
    %assign/vec4/off/d v00000208121218b0_0, 4, 5;
    %load/vec4 v0000020812122530_0;
    %ix/load 4, 7, 0;
    %ix/load 5, 0, 0;
    %flag_set/imm 4, 0;
    %assign/vec4/off/d v00000208121218b0_0, 4, 5;
    %load/vec4 v0000020812120800_0;
    %ix/load 4, 8, 0;
    %ix/load 5, 0, 0;
    %flag_set/imm 4, 0;
    %assign/vec4/off/d v00000208121218b0_0, 4, 5;
    %load/vec4 v0000020812121810_0;
    %ix/load 4, 9, 0;
    %ix/load 5, 0, 0;
    %flag_set/imm 4, 0;
    %assign/vec4/off/d v00000208121218b0_0, 4, 5;
    %load/vec4 v0000020812120940_0;
    %ix/load 4, 10, 0;
    %ix/load 5, 0, 0;
    %flag_set/imm 4, 0;
    %assign/vec4/off/d v00000208121218b0_0, 4, 5;
T_1.2 ;
T_1.1 ;
    %load/vec4 v0000020812120300_0;
    %load/vec4 v0000020812121a90_0;
    %nor/r;
    %and;
    %flag_set/vec4 8;
    %jmp/0xz  T_1.4, 8;
    %pushi/vec4 0, 0, 1;
    %assign/vec4 v0000020812122350_0, 0;
    %jmp T_1.5;
T_1.4 ;
    %load/vec4 v0000020812121a90_0;
    %nor/r;
    %flag_set/vec4 8;
    %jmp/0xz  T_1.6, 8;
    %load/vec4 v0000020812120120_0;
    %assign/vec4 v0000020812122350_0, 0;
    %jmp T_1.7;
T_1.6 ;
    %load/vec4 v0000020812121a90_0;
    %load/vec4 v00000208121211d0_0;
    %nor/r;
    %and;
    %flag_set/vec4 8;
    %jmp/0xz  T_1.8, 8;
    %pushi/vec4 0, 0, 1;
    %assign/vec4 v0000020812122350_0, 0;
T_1.8 ;
T_1.7 ;
T_1.5 ;
    %jmp T_1;
    .thread T_1;
# The file index is used to find the file name in the following table.
:file_names 3;
    "N/A";
    "<interactive>";
    "decoder.v";
